<?xml version="1.0" encoding="UTF-8"?>
<testsuite xmlns:xsi="http://www.w3.org/2001/XMLSchema-instance" xsi:noNamespaceSchemaLocation="https://maven.apache.org/surefire/maven-surefire-plugin/xsd/surefire-test-report.xsd" name="com.chen.SpringbootTest1ApplicationTests" time="2.444" tests="1" errors="0" skipped="0" failures="0">
  <properties>
    <property name="java.specification.version" value="17"/>
    <property name="sun.cpu.isalist" value="amd64"/>
    <property name="sun.jnu.encoding" value="GBK"/>
    <property name="java.class.path" value="C:\Users\ccs\IdeaProjects\springboot-demo01\springboot-test1\target\test-classes;C:\Users\ccs\IdeaProjects\springboot-demo01\springboot-test1\target\classes;D:\javasoftware\apache-maven-3.6.3\mvn_resp\org\springframework\boot\spring-boot-starter-web\2.7.8\spring-boot-starter-web-2.7.8.jar;D:\javasoftware\apache-maven-3.6.3\mvn_resp\org\springframework\boot\spring-boot-starter\2.7.8\spring-boot-starter-2.7.8.jar;D:\javasoftware\apache-maven-3.6.3\mvn_resp\org\springframework\boot\spring-boot\2.7.8\spring-boot-2.7.8.jar;D:\javasoftware\apache-maven-3.6.3\mvn_resp\org\springframework\boot\spring-boot-autoconfigure\2.7.8\spring-boot-autoconfigure-2.7.8.jar;D:\javasoftware\apache-maven-3.6.3\mvn_resp\org\springframework\boot\spring-boot-starter-logging\2.7.8\spring-boot-starter-logging-2.7.8.jar;D:\javasoftware\apache-maven-3.6.3\mvn_resp\ch\qos\logback\logback-classic\1.2.11\logback-classic-1.2.11.jar;D:\javasoftware\apache-maven-3.6.3\mvn_resp\ch\qos\logback\logback-core\1.2.11\logback-core-1.2.11.jar;D:\javasoftware\apache-maven-3.6.3\mvn_resp\org\apache\logging\log4j\log4j-to-slf4j\2.17.2\log4j-to-slf4j-2.17.2.jar;D:\javasoftware\apache-maven-3.6.3\mvn_resp\org\apache\logging\log4j\log4j-api\2.17.2\log4j-api-2.17.2.jar;D:\javasoftware\apache-maven-3.6.3\mvn_resp\org\slf4j\jul-to-slf4j\1.7.36\jul-to-slf4j-1.7.36.jar;D:\javasoftware\apache-maven-3.6.3\mvn_resp\jakarta\annotation\jakarta.annotation-api\1.3.5\jakarta.annotation-api-1.3.5.jar;D:\javasoftware\apache-maven-3.6.3\mvn_resp\org\yaml\snakeyaml\1.30\snakeyaml-1.30.jar;D:\javasoftware\apache-maven-3.6.3\mvn_resp\org\springframework\boot\spring-boot-starter-json\2.7.8\spring-boot-starter-json-2.7.8.jar;D:\javasoftware\apache-maven-3.6.3\mvn_resp\com\fasterxml\jackson\core\jackson-databind\2.13.4.2\jackson-databind-2.13.4.2.jar;D:\javasoftware\apache-maven-3.6.3\mvn_resp\com\fasterxml\jackson\core\jackson-annotations\2.13.4\jackson-annotations-2.13.4.jar;D:\javasoftware\apache-maven-3.6.3\mvn_resp\com\fasterxml\jackson\core\jackson-core\2.13.4\jackson-core-2.13.4.jar;D:\javasoftware\apache-maven-3.6.3\mvn_resp\com\fasterxml\jackson\datatype\jackson-datatype-jdk8\2.13.4\jackson-datatype-jdk8-2.13.4.jar;D:\javasoftware\apache-maven-3.6.3\mvn_resp\com\fasterxml\jackson\datatype\jackson-datatype-jsr310\2.13.4\jackson-datatype-jsr310-2.13.4.jar;D:\javasoftware\apache-maven-3.6.3\mvn_resp\com\fasterxml\jackson\module\jackson-module-parameter-names\2.13.4\jackson-module-parameter-names-2.13.4.jar;D:\javasoftware\apache-maven-3.6.3\mvn_resp\org\springframework\boot\spring-boot-starter-tomcat\2.7.8\spring-boot-starter-tomcat-2.7.8.jar;D:\javasoftware\apache-maven-3.6.3\mvn_resp\org\apache\tomcat\embed\tomcat-embed-core\9.0.71\tomcat-embed-core-9.0.71.jar;D:\javasoftware\apache-maven-3.6.3\mvn_resp\org\apache\tomcat\embed\tomcat-embed-el\9.0.71\tomcat-embed-el-9.0.71.jar;D:\javasoftware\apache-maven-3.6.3\mvn_resp\org\apache\tomcat\embed\tomcat-embed-websocket\9.0.71\tomcat-embed-websocket-9.0.71.jar;D:\javasoftware\apache-maven-3.6.3\mvn_resp\org\springframework\spring-web\5.3.25\spring-web-5.3.25.jar;D:\javasoftware\apache-maven-3.6.3\mvn_resp\org\springframework\spring-beans\5.3.25\spring-beans-5.3.25.jar;D:\javasoftware\apache-maven-3.6.3\mvn_resp\org\springframework\spring-webmvc\5.3.25\spring-webmvc-5.3.25.jar;D:\javasoftware\apache-maven-3.6.3\mvn_resp\org\springframework\spring-aop\5.3.25\spring-aop-5.3.25.jar;D:\javasoftware\apache-maven-3.6.3\mvn_resp\org\springframework\spring-context\5.3.25\spring-context-5.3.25.jar;D:\javasoftware\apache-maven-3.6.3\mvn_resp\org\springframework\spring-expression\5.3.25\spring-expression-5.3.25.jar;D:\javasoftware\apache-maven-3.6.3\mvn_resp\org\springframework\boot\spring-boot-starter-test\2.7.8\spring-boot-starter-test-2.7.8.jar;D:\javasoftware\apache-maven-3.6.3\mvn_resp\org\springframework\boot\spring-boot-test\2.7.8\spring-boot-test-2.7.8.jar;D:\javasoftware\apache-maven-3.6.3\mvn_resp\org\springframework\boot\spring-boot-test-autoconfigure\2.7.8\spring-boot-test-autoconfigure-2.7.8.jar;D:\javasoftware\apache-maven-3.6.3\mvn_resp\com\jayway\jsonpath\json-path\2.7.0\json-path-2.7.0.jar;D:\javasoftware\apache-maven-3.6.3\mvn_resp\net\minidev\json-smart\2.4.8\json-smart-2.4.8.jar;D:\javasoftware\apache-maven-3.6.3\mvn_resp\net\minidev\accessors-smart\2.4.8\accessors-smart-2.4.8.jar;D:\javasoftware\apache-maven-3.6.3\mvn_resp\org\ow2\asm\asm\9.1\asm-9.1.jar;D:\javasoftware\apache-maven-3.6.3\mvn_resp\org\slf4j\slf4j-api\1.7.36\slf4j-api-1.7.36.jar;D:\javasoftware\apache-maven-3.6.3\mvn_resp\jakarta\xml\bind\jakarta.xml.bind-api\2.3.3\jakarta.xml.bind-api-2.3.3.jar;D:\javasoftware\apache-maven-3.6.3\mvn_resp\jakarta\activation\jakarta.activation-api\1.2.2\jakarta.activation-api-1.2.2.jar;D:\javasoftware\apache-maven-3.6.3\mvn_resp\org\assertj\assertj-core\3.22.0\assertj-core-3.22.0.jar;D:\javasoftware\apache-maven-3.6.3\mvn_resp\org\hamcrest\hamcrest\2.2\hamcrest-2.2.jar;D:\javasoftware\apache-maven-3.6.3\mvn_resp\org\junit\jupiter\junit-jupiter\5.8.2\junit-jupiter-5.8.2.jar;D:\javasoftware\apache-maven-3.6.3\mvn_resp\org\junit\jupiter\junit-jupiter-api\5.8.2\junit-jupiter-api-5.8.2.jar;D:\javasoftware\apache-maven-3.6.3\mvn_resp\org\opentest4j\opentest4j\1.2.0\opentest4j-1.2.0.jar;D:\javasoftware\apache-maven-3.6.3\mvn_resp\org\junit\platform\junit-platform-commons\1.8.2\junit-platform-commons-1.8.2.jar;D:\javasoftware\apache-maven-3.6.3\mvn_resp\org\apiguardian\apiguardian-api\1.1.2\apiguardian-api-1.1.2.jar;D:\javasoftware\apache-maven-3.6.3\mvn_resp\org\junit\jupiter\junit-jupiter-params\5.8.2\junit-jupiter-params-5.8.2.jar;D:\javasoftware\apache-maven-3.6.3\mvn_resp\org\junit\jupiter\junit-jupiter-engine\5.8.2\junit-jupiter-engine-5.8.2.jar;D:\javasoftware\apache-maven-3.6.3\mvn_resp\org\junit\platform\junit-platform-engine\1.8.2\junit-platform-engine-1.8.2.jar;D:\javasoftware\apache-maven-3.6.3\mvn_resp\org\mockito\mockito-core\4.5.1\mockito-core-4.5.1.jar;D:\javasoftware\apache-maven-3.6.3\mvn_resp\net\bytebuddy\byte-buddy\1.12.22\byte-buddy-1.12.22.jar;D:\javasoftware\apache-maven-3.6.3\mvn_resp\net\bytebuddy\byte-buddy-agent\1.12.22\byte-buddy-agent-1.12.22.jar;D:\javasoftware\apache-maven-3.6.3\mvn_resp\org\objenesis\objenesis\3.2\objenesis-3.2.jar;D:\javasoftware\apache-maven-3.6.3\mvn_resp\org\mockito\mockito-junit-jupiter\4.5.1\mockito-junit-jupiter-4.5.1.jar;D:\javasoftware\apache-maven-3.6.3\mvn_resp\org\skyscreamer\jsonassert\1.5.1\jsonassert-1.5.1.jar;D:\javasoftware\apache-maven-3.6.3\mvn_resp\com\vaadin\external\google\android-json\0.0.20131108.vaadin1\android-json-0.0.20131108.vaadin1.jar;D:\javasoftware\apache-maven-3.6.3\mvn_resp\org\springframework\spring-core\5.3.25\spring-core-5.3.25.jar;D:\javasoftware\apache-maven-3.6.3\mvn_resp\org\springframework\spring-jcl\5.3.25\spring-jcl-5.3.25.jar;D:\javasoftware\apache-maven-3.6.3\mvn_resp\org\springframework\spring-test\5.3.25\spring-test-5.3.25.jar;D:\javasoftware\apache-maven-3.6.3\mvn_resp\org\xmlunit\xmlunit-core\2.9.1\xmlunit-core-2.9.1.jar;D:\javasoftware\apache-maven-3.6.3\mvn_resp\org\springframework\boot\spring-boot-configuration-processor\2.7.8\spring-boot-configuration-processor-2.7.8.jar;"/>
    <property name="java.vm.vendor" value="Oracle Corporation"/>
    <property name="sun.arch.data.model" value="64"/>
    <property name="user.variant" value=""/>
    <property name="java.vendor.url" value="https://java.oracle.com/"/>
    <property name="user.timezone" value="Asia/Shanghai"/>
    <property name="os.name" value="Windows 10"/>
    <property name="java.vm.specification.version" value="17"/>
    <property name="sun.java.launcher" value="SUN_STANDARD"/>
    <property name="user.country" value="CN"/>
    <property name="sun.boot.library.path" value="C:\Program Files\Java\jdk-17.0.5\bin"/>
    <property name="sun.java.command" value="C:\Users\ccs\AppData\Local\Temp\surefire10317660481976170767\surefirebooter12019097024338157140.jar C:\Users\ccs\AppData\Local\Temp\surefire10317660481976170767 2023-01-26T17-01-19_649-jvmRun1 surefire17272260715152172463tmp surefire_017662926642971552358tmp"/>
    <property name="jdk.debug" value="release"/>
    <property name="surefire.test.class.path" value="C:\Users\ccs\IdeaProjects\springboot-demo01\springboot-test1\target\test-classes;C:\Users\ccs\IdeaProjects\springboot-demo01\springboot-test1\target\classes;D:\javasoftware\apache-maven-3.6.3\mvn_resp\org\springframework\boot\spring-boot-starter-web\2.7.8\spring-boot-starter-web-2.7.8.jar;D:\javasoftware\apache-maven-3.6.3\mvn_resp\org\springframework\boot\spring-boot-starter\2.7.8\spring-boot-starter-2.7.8.jar;D:\javasoftware\apache-maven-3.6.3\mvn_resp\org\springframework\boot\spring-boot\2.7.8\spring-boot-2.7.8.jar;D:\javasoftware\apache-maven-3.6.3\mvn_resp\org\springframework\boot\spring-boot-autoconfigure\2.7.8\spring-boot-autoconfigure-2.7.8.jar;D:\javasoftware\apache-maven-3.6.3\mvn_resp\org\springframework\boot\spring-boot-starter-logging\2.7.8\spring-boot-starter-logging-2.7.8.jar;D:\javasoftware\apache-maven-3.6.3\mvn_resp\ch\qos\logback\logback-classic\1.2.11\logback-classic-1.2.11.jar;D:\javasoftware\apache-maven-3.6.3\mvn_resp\ch\qos\logback\logback-core\1.2.11\logback-core-1.2.11.jar;D:\javasoftware\apache-maven-3.6.3\mvn_resp\org\apache\logging\log4j\log4j-to-slf4j\2.17.2\log4j-to-slf4j-2.17.2.jar;D:\javasoftware\apache-maven-3.6.3\mvn_resp\org\apache\logging\log4j\log4j-api\2.17.2\log4j-api-2.17.2.jar;D:\javasoftware\apache-maven-3.6.3\mvn_resp\org\slf4j\jul-to-slf4j\1.7.36\jul-to-slf4j-1.7.36.jar;D:\javasoftware\apache-maven-3.6.3\mvn_resp\jakarta\annotation\jakarta.annotation-api\1.3.5\jakarta.annotation-api-1.3.5.jar;D:\javasoftware\apache-maven-3.6.3\mvn_resp\org\yaml\snakeyaml\1.30\snakeyaml-1.30.jar;D:\javasoftware\apache-maven-3.6.3\mvn_resp\org\springframework\boot\spring-boot-starter-json\2.7.8\spring-boot-starter-json-2.7.8.jar;D:\javasoftware\apache-maven-3.6.3\mvn_resp\com\fasterxml\jackson\core\jackson-databind\2.13.4.2\jackson-databind-2.13.4.2.jar;D:\javasoftware\apache-maven-3.6.3\mvn_resp\com\fasterxml\jackson\core\jackson-annotations\2.13.4\jackson-annotations-2.13.4.jar;D:\javasoftware\apache-maven-3.6.3\mvn_resp\com\fasterxml\jackson\core\jackson-core\2.13.4\jackson-core-2.13.4.jar;D:\javasoftware\apache-maven-3.6.3\mvn_resp\com\fasterxml\jackson\datatype\jackson-datatype-jdk8\2.13.4\jackson-datatype-jdk8-2.13.4.jar;D:\javasoftware\apache-maven-3.6.3\mvn_resp\com\fasterxml\jackson\datatype\jackson-datatype-jsr310\2.13.4\jackson-datatype-jsr310-2.13.4.jar;D:\javasoftware\apache-maven-3.6.3\mvn_resp\com\fasterxml\jackson\module\jackson-module-parameter-names\2.13.4\jackson-module-parameter-names-2.13.4.jar;D:\javasoftware\apache-maven-3.6.3\mvn_resp\org\springframework\boot\spring-boot-starter-tomcat\2.7.8\spring-boot-starter-tomcat-2.7.8.jar;D:\javasoftware\apache-maven-3.6.3\mvn_resp\org\apache\tomcat\embed\tomcat-embed-core\9.0.71\tomcat-embed-core-9.0.71.jar;D:\javasoftware\apache-maven-3.6.3\mvn_resp\org\apache\tomcat\embed\tomcat-embed-el\9.0.71\tomcat-embed-el-9.0.71.jar;D:\javasoftware\apache-maven-3.6.3\mvn_resp\org\apache\tomcat\embed\tomcat-embed-websocket\9.0.71\tomcat-embed-websocket-9.0.71.jar;D:\javasoftware\apache-maven-3.6.3\mvn_resp\org\springframework\spring-web\5.3.25\spring-web-5.3.25.jar;D:\javasoftware\apache-maven-3.6.3\mvn_resp\org\springframework\spring-beans\5.3.25\spring-beans-5.3.25.jar;D:\javasoftware\apache-maven-3.6.3\mvn_resp\org\springframework\spring-webmvc\5.3.25\spring-webmvc-5.3.25.jar;D:\javasoftware\apache-maven-3.6.3\mvn_resp\org\springframework\spring-aop\5.3.25\spring-aop-5.3.25.jar;D:\javasoftware\apache-maven-3.6.3\mvn_resp\org\springframework\spring-context\5.3.25\spring-context-5.3.25.jar;D:\javasoftware\apache-maven-3.6.3\mvn_resp\org\springframework\spring-expression\5.3.25\spring-expression-5.3.25.jar;D:\javasoftware\apache-maven-3.6.3\mvn_resp\org\springframework\boot\spring-boot-starter-test\2.7.8\spring-boot-starter-test-2.7.8.jar;D:\javasoftware\apache-maven-3.6.3\mvn_resp\org\springframework\boot\spring-boot-test\2.7.8\spring-boot-test-2.7.8.jar;D:\javasoftware\apache-maven-3.6.3\mvn_resp\org\springframework\boot\spring-boot-test-autoconfigure\2.7.8\spring-boot-test-autoconfigure-2.7.8.jar;D:\javasoftware\apache-maven-3.6.3\mvn_resp\com\jayway\jsonpath\json-path\2.7.0\json-path-2.7.0.jar;D:\javasoftware\apache-maven-3.6.3\mvn_resp\net\minidev\json-smart\2.4.8\json-smart-2.4.8.jar;D:\javasoftware\apache-maven-3.6.3\mvn_resp\net\minidev\accessors-smart\2.4.8\accessors-smart-2.4.8.jar;D:\javasoftware\apache-maven-3.6.3\mvn_resp\org\ow2\asm\asm\9.1\asm-9.1.jar;D:\javasoftware\apache-maven-3.6.3\mvn_resp\org\slf4j\slf4j-api\1.7.36\slf4j-api-1.7.36.jar;D:\javasoftware\apache-maven-3.6.3\mvn_resp\jakarta\xml\bind\jakarta.xml.bind-api\2.3.3\jakarta.xml.bind-api-2.3.3.jar;D:\javasoftware\apache-maven-3.6.3\mvn_resp\jakarta\activation\jakarta.activation-api\1.2.2\jakarta.activation-api-1.2.2.jar;D:\javasoftware\apache-maven-3.6.3\mvn_resp\org\assertj\assertj-core\3.22.0\assertj-core-3.22.0.jar;D:\javasoftware\apache-maven-3.6.3\mvn_resp\org\hamcrest\hamcrest\2.2\hamcrest-2.2.jar;D:\javasoftware\apache-maven-3.6.3\mvn_resp\org\junit\jupiter\junit-jupiter\5.8.2\junit-jupiter-5.8.2.jar;D:\javasoftware\apache-maven-3.6.3\mvn_resp\org\junit\jupiter\junit-jupiter-api\5.8.2\junit-jupiter-api-5.8.2.jar;D:\javasoftware\apache-maven-3.6.3\mvn_resp\org\opentest4j\opentest4j\1.2.0\opentest4j-1.2.0.jar;D:\javasoftware\apache-maven-3.6.3\mvn_resp\org\junit\platform\junit-platform-commons\1.8.2\junit-platform-commons-1.8.2.jar;D:\javasoftware\apache-maven-3.6.3\mvn_resp\org\apiguardian\apiguardian-api\1.1.2\apiguardian-api-1.1.2.jar;D:\javasoftware\apache-maven-3.6.3\mvn_resp\org\junit\jupiter\junit-jupiter-params\5.8.2\junit-jupiter-params-5.8.2.jar;D:\javasoftware\apache-maven-3.6.3\mvn_resp\org\junit\jupiter\junit-jupiter-engine\5.8.2\junit-jupiter-engine-5.8.2.jar;D:\javasoftware\apache-maven-3.6.3\mvn_resp\org\junit\platform\junit-platform-engine\1.8.2\junit-platform-engine-1.8.2.jar;D:\javasoftware\apache-maven-3.6.3\mvn_resp\org\mockito\mockito-core\4.5.1\mockito-core-4.5.1.jar;D:\javasoftware\apache-maven-3.6.3\mvn_resp\net\bytebuddy\byte-buddy\1.12.22\byte-buddy-1.12.22.jar;D:\javasoftware\apache-maven-3.6.3\mvn_resp\net\bytebuddy\byte-buddy-agent\1.12.22\byte-buddy-agent-1.12.22.jar;D:\javasoftware\apache-maven-3.6.3\mvn_resp\org\objenesis\objenesis\3.2\objenesis-3.2.jar;D:\javasoftware\apache-maven-3.6.3\mvn_resp\org\mockito\mockito-junit-jupiter\4.5.1\mockito-junit-jupiter-4.5.1.jar;D:\javasoftware\apache-maven-3.6.3\mvn_resp\org\skyscreamer\jsonassert\1.5.1\jsonassert-1.5.1.jar;D:\javasoftware\apache-maven-3.6.3\mvn_resp\com\vaadin\external\google\android-json\0.0.20131108.vaadin1\android-json-0.0.20131108.vaadin1.jar;D:\javasoftware\apache-maven-3.6.3\mvn_resp\org\springframework\spring-core\5.3.25\spring-core-5.3.25.jar;D:\javasoftware\apache-maven-3.6.3\mvn_resp\org\springframework\spring-jcl\5.3.25\spring-jcl-5.3.25.jar;D:\javasoftware\apache-maven-3.6.3\mvn_resp\org\springframework\spring-test\5.3.25\spring-test-5.3.25.jar;D:\javasoftware\apache-maven-3.6.3\mvn_resp\org\xmlunit\xmlunit-core\2.9.1\xmlunit-core-2.9.1.jar;D:\javasoftware\apache-maven-3.6.3\mvn_resp\org\springframework\boot\spring-boot-configuration-processor\2.7.8\spring-boot-configuration-processor-2.7.8.jar;"/>
    <property name="sun.cpu.endian" value="little"/>
    <property name="user.home" value="C:\Users\ccs"/>
    <property name="user.language" value="zh"/>
    <property name="java.specification.vendor" value="Oracle Corporation"/>
    <property name="java.version.date" value="2022-10-18"/>
    <property name="java.home" value="C:\Program Files\Java\jdk-17.0.5"/>
    <property name="file.separator" value="\"/>
    <property name="basedir" value="C:\Users\ccs\IdeaProjects\springboot-demo01\springboot-test1"/>
    <property name="java.vm.compressedOopsMode" value="32-bit"/>
    <property name="line.separator" value="&#10;"/>
    <property name="java.vm.specification.vendor" value="Oracle Corporation"/>
    <property name="java.specification.name" value="Java Platform API Specification"/>
    <property name="surefire.real.class.path" value="C:\Users\ccs\AppData\Local\Temp\surefire10317660481976170767\surefirebooter12019097024338157140.jar"/>
    <property name="user.script" value=""/>
    <property name="sun.management.compiler" value="HotSpot 64-Bit Tiered Compilers"/>
    <property name="java.runtime.version" value="17.0.5+9-LTS-191"/>
    <property name="user.name" value="ccs"/>
    <property name="path.separator" value=";"/>
    <property name="os.version" value="10.0"/>
    <property name="java.runtime.name" value="Java(TM) SE Runtime Environment"/>
    <property name="file.encoding" value="GBK"/>
    <property name="java.vm.name" value="Java HotSpot(TM) 64-Bit Server VM"/>
    <property name="localRepository" value="D:\javasoftware\apache-maven-3.6.3\mvn_resp"/>
    <property name="java.vendor.url.bug" value="https://bugreport.java.com/bugreport/"/>
    <property name="java.io.tmpdir" value="C:\Users\ccs\AppData\Local\Temp\"/>
    <property name="idea.version" value="2022.2.3"/>
    <property name="java.version" value="17.0.5"/>
    <property name="user.dir" value="C:\Users\ccs\IdeaProjects\springboot-demo01\springboot-test1"/>
    <property name="os.arch" value="amd64"/>
    <property name="java.vm.specification.name" value="Java Virtual Machine Specification"/>
    <property name="sun.os.patch.level" value=""/>
    <property name="native.encoding" value="GBK"/>
    <property name="java.library.path" value="C:\Program Files\Java\jdk-17.0.5\bin;C:\WINDOWS\Sun\Java\bin;C:\WINDOWS\system32;C:\WINDOWS;C:\Program Files\Common Files\Oracle\Java\javapath;D:\bigdata\bin\;C:\Windows\system32;C:\Windows;C:\Windows\System32\Wbem;C:\Windows\System32\WindowsPowerShell\v1.0\;C:\Windows\System32\OpenSSH\;C:\Program Files (x86)\NVIDIA Corporation\PhysX\Common;C:\WINDOWS\system32;C:\WINDOWS;C:\WINDOWS\System32\Wbem;C:\WINDOWS\System32\WindowsPowerShell\v1.0\;C:\WINDOWS\System32\OpenSSH\;C:\Program Files\Java\jdk-17.0.5\bin;C:\Program Files\mysql-5.7.31-winx64\bin;C:\Program Files\Git\cmd;D:\javasoftware\apache-maven-3.6.3\bin;D:\javasoftware\apache-tomcat-10.0.27\bin;C:\Users\ccs\AppData\Local\Programs\Python\Python39\Scripts\;C:\Users\ccs\AppData\Local\Programs\Python\Python39\;C:\Users\ccs\AppData\Local\Microsoft\WindowsApps;;C:\Program Files\JetBrains\PyCharm 2022.2.2\bin;;D:\Microsoft VS Code\bin;."/>
    <property name="java.vm.info" value="mixed mode, sharing"/>
    <property name="java.vendor" value="Oracle Corporation"/>
    <property name="java.vm.version" value="17.0.5+9-LTS-191"/>
    <property name="sun.io.unicode.encoding" value="UnicodeLittle"/>
    <property name="java.class.version" value="61.0"/>
  </properties>
  <testcase name="contextLoads" classname="com.chen.SpringbootTest1ApplicationTests" time="0.418"/>
</testsuite>